<?xml version="1.0" encoding="UTF-8"?>
<!-- Generated by org.testng.reporters.JUnitReportReporter -->
<testsuite skipped="0" hostname="RITSSFT-080" name="mavenProject.TestMaven.AppTest" tests="1" failures="0" timestamp="16 Mar 2018 05:20:13 GMT" time="6.615" errors="0">
  <testcase name="testgooglrsearch" time="6.615" classname="mavenProject.TestMaven.AppTest"/>
</testsuite> <!-- mavenProject.TestMaven.AppTest -->
